<?xml version="1.0" encoding="UTF-8"?>
<testsuite xmlns:xsi="http://www.w3.org/2001/XMLSchema-instance" xsi:noNamespaceSchemaLocation="https://maven.apache.org/surefire/maven-surefire-plugin/xsd/surefire-test-report-3.0.xsd" version="3.0" name="Login to Rediffmail" time="16.401" tests="3" errors="0" skipped="0" failures="0">
  <properties>
[...]
</properties>
  <testcase name="Login to rediffmail with valid username and password11" classname="Login to Rediffmail" time="5.77"/>
  <testcase name="Login to rediffmail with invalid username and password133" classname="Login to Rediffmail" time="5.04"/>
  <testcase name="Login to rediffmail with invalid username and password124" classname="Login to Rediffmail" time="5.591"/>
</testsuite>